ffmpeg started on 2024-11-21 at 15:20:24
Report written to "ffmpeg-20241121-152024.log"
Log level: 48
Command line:
"E:\\MoreProject\\project01\\node_modules\\ffmpeg-static\\ffmpeg.exe" -i E:/MoreProject/project01/public/downloads/video/691fa409-d1eb-4587-8cee-1731d7773f3d.mp4 -y -vf "\"subtitles=E\\\\:/MoreProject/project01/public/downloads/video/691fa409-d1eb-4587-8cee-1731d7773f3d.srt\"" -c:a copy -c:v libx264 -crf 23 -preset veryfast -report "E:\\MoreProject\\project01\\public\\downloads\\video\\output_691fa409-d1eb-4587-8cee-1731d7773f3d.mp4"
ffmpeg version 6.0-essentials_build-www.gyan.dev Copyright (c) 2000-2023 the FFmpeg developers
  built with gcc 12.2.0 (Rev10, Built by MSYS2 project)
  configuration: --enable-gpl --enable-version3 --enable-static --disable-w32threads --disable-autodetect --enable-fontconfig --enable-iconv --enable-gnutls --enable-libxml2 --enable-gmp --enable-bzlib --enable-lzma --enable-zlib --enable-libsrt --enable-libssh --enable-libzmq --enable-avisynth --enable-sdl2 --enable-libwebp --enable-libx264 --enable-libx265 --enable-libxvid --enable-libaom --enable-libopenjpeg --enable-libvpx --enable-mediafoundation --enable-libass --enable-libfreetype --enable-libfribidi --enable-libvidstab --enable-libvmaf --enable-libzimg --enable-amf --enable-cuda-llvm --enable-cuvid --enable-ffnvcodec --enable-nvdec --enable-nvenc --enable-d3d11va --enable-dxva2 --enable-libvpl --enable-libgme --enable-libopenmpt --enable-libopencore-amrwb --enable-libmp3lame --enable-libtheora --enable-libvo-amrwbenc --enable-libgsm --enable-libopencore-amrnb --enable-libopus --enable-libspeex --enable-libvorbis --enable-librubberband
  libavutil      58.  2.100 / 58.  2.100
  libavcodec     60.  3.100 / 60.  3.100
  libavformat    60.  3.100 / 60.  3.100
  libavdevice    60.  1.100 / 60.  1.100
  libavfilter     9.  3.100 /  9.  3.100
  libswscale      7.  1.100 /  7.  1.100
  libswresample   4. 10.100 /  4. 10.100
  libpostproc    57.  1.100 / 57.  1.100
Splitting the commandline.
Reading option '-i' ... matched as input url with argument 'E:/MoreProject/project01/public/downloads/video/691fa409-d1eb-4587-8cee-1731d7773f3d.mp4'.
Reading option '-y' ... matched as option 'y' (overwrite output files) with argument '1'.
Reading option '-vf' ... matched as option 'vf' (set video filters) with argument '"subtitles=E\\:/MoreProject/project01/public/downloads/video/691fa409-d1eb-4587-8cee-1731d7773f3d.srt"'.
Reading option '-c:a' ... matched as option 'c' (codec name) with argument 'copy'.
Reading option '-c:v' ... matched as option 'c' (codec name) with argument 'libx264'.
Reading option '-crf' ... matched as AVOption 'crf' with argument '23'.
Reading option '-preset' ... matched as AVOption 'preset' with argument 'veryfast'.
Reading option '-report' ... matched as option 'report' (generate a report) with argument '1'.
Reading option 'E:\MoreProject\project01\public\downloads\video\output_691fa409-d1eb-4587-8cee-1731d7773f3d.mp4' ... matched as output url.
Finished splitting the commandline.
Parsing a group of options: global .
Applying option y (overwrite output files) with argument 1.
Applying option report (generate a report) with argument 1.
Successfully parsed a group of options.
Parsing a group of options: input url E:/MoreProject/project01/public/downloads/video/691fa409-d1eb-4587-8cee-1731d7773f3d.mp4.
Successfully parsed a group of options.
Opening an input file: E:/MoreProject/project01/public/downloads/video/691fa409-d1eb-4587-8cee-1731d7773f3d.mp4.
[NULL @ 000001948bf92740] Opening 'E:/MoreProject/project01/public/downloads/video/691fa409-d1eb-4587-8cee-1731d7773f3d.mp4' for reading
[file @ 000001948bf8bdc0] Setting default whitelist 'file,crypto,data'
[mov,mp4,m4a,3gp,3g2,mj2 @ 000001948bf92740] Format mov,mp4,m4a,3gp,3g2,mj2 probed with size=2048 and score=100
[mov,mp4,m4a,3gp,3g2,mj2 @ 000001948bf92740] ISO: File Type Major Brand: isom
[mov,mp4,m4a,3gp,3g2,mj2 @ 000001948bf92740] Unknown dref type 0x206c7275 size 12
[mov,mp4,m4a,3gp,3g2,mj2 @ 000001948bf92740] Processing st: 0, edit list 0 - media time: 1001, duration: 4400400
[mov,mp4,m4a,3gp,3g2,mj2 @ 000001948bf92740] Offset DTS by 1001 to make first pts zero.
[mov,mp4,m4a,3gp,3g2,mj2 @ 000001948bf92740] Setting codecpar->delay to 1 for stream st: 0
[mov,mp4,m4a,3gp,3g2,mj2 @ 000001948bf92740] Unknown dref type 0x206c7275 size 12
[mov,mp4,m4a,3gp,3g2,mj2 @ 000001948bf92740] Processing st: 1, edit list 0 - media time: 0, duration: 6470661
[mov,mp4,m4a,3gp,3g2,mj2 @ 000001948bf92740] Before avformat_find_stream_info() pos: 4874468 bytes read:184334 seeks:1 nb_streams:2
[h264 @ 000001948bfa3940] nal_unit_type: 7(SPS), nal_ref_idc: 3
[h264 @ 000001948bfa3940] Decoding VUI
[h264 @ 000001948bfa3940] nal_unit_type: 8(PPS), nal_ref_idc: 3
For transform of length 64, inverse, mdct_float, flags: [aligned, out_of_place], found 3 matches:
    1: mdct_inv_float_avx2 - type: mdct_float, len: [16, ∞], factors[2]: [2, any], flags: [aligned, out_of_place, inv_only], prio: 544
    2: mdct_inv_float_c - type: mdct_float, len: [2, ∞], factors[2]: [2, any], flags: [unaligned, out_of_place, inv_only], prio: 96
    3: mdct_naive_inv_float_c - type: mdct_float, len: [2, ∞], factors[2]: [2, any], flags: [unaligned, out_of_place, inv_only], prio: -130976
For transform of length 32, inverse, fft_float, flags: [aligned, inplace, preshuf, asm_call], found 2 matches:
    1: fft32_asm_float_fma3 - type: fft_float, len: 32, factor: 2, flags: [aligned, inplace, out_of_place, preshuf, asm_call], prio: 512
    2: fft32_asm_float_avx - type: fft_float, len: 32, factor: 2, flags: [aligned, inplace, out_of_place, preshuf, asm_call], prio: 480
Transform tree:
    mdct_inv_float_avx2 - type: mdct_float, len: 64, factors[2]: [2, any], flags: [aligned, out_of_place, inv_only]
        fft32_asm_float_fma3 - type: fft_float, len: 32, factor: 2, flags: [aligned, inplace, out_of_place, preshuf, asm_call]
For transform of length 64, inverse, mdct_float, flags: [aligned, out_of_place], found 3 matches:
    1: mdct_inv_float_avx2 - type: mdct_float, len: [16, ∞], factors[2]: [2, any], flags: [aligned, out_of_place, inv_only], prio: 544
    2: mdct_inv_float_c - type: mdct_float, len: [2, ∞], factors[2]: [2, any], flags: [unaligned, out_of_place, inv_only], prio: 96
    3: mdct_naive_inv_float_c - type: mdct_float, len: [2, ∞], factors[2]: [2, any], flags: [unaligned, out_of_place, inv_only], prio: -130976
For transform of length 32, inverse, fft_float, flags: [aligned, inplace, preshuf, asm_call], found 2 matches:
    1: fft32_asm_float_fma3 - type: fft_float, len: 32, factor: 2, flags: [aligned, inplace, out_of_place, preshuf, asm_call], prio: 512
    2: fft32_asm_float_avx - type: fft_float, len: 32, factor: 2, flags: [aligned, inplace, out_of_place, preshuf, asm_call], prio: 480
Transform tree:
    mdct_inv_float_avx2 - type: mdct_float, len: 64, factors[2]: [2, any], flags: [aligned, out_of_place, inv_only]
        fft32_asm_float_fma3 - type: fft_float, len: 32, factor: 2, flags: [aligned, inplace, out_of_place, preshuf, asm_call]
For transform of length 120, inverse, mdct_float, flags: [aligned, out_of_place], found 6 matches:
    1: mdct_inv_float_avx2 - type: mdct_float, len: [16, ∞], factors[2]: [2, any], flags: [aligned, out_of_place, inv_only], prio: 544
    2: mdct_pfa_15xM_inv_float_c - type: mdct_float, len: [30, ∞], factors[2]: [15, any], flags: [unaligned, out_of_place, inv_only], prio: 304
    3: mdct_pfa_5xM_inv_float_c - type: mdct_float, len: [10, ∞], factors[2]: [5, any], flags: [unaligned, out_of_place, inv_only], prio: 144
    4: mdct_pfa_3xM_inv_float_c - type: mdct_float, len: [6, ∞], factors[2]: [3, any], flags: [unaligned, out_of_place, inv_only], prio: 112
    5: mdct_inv_float_c - type: mdct_float, len: [2, ∞], factors[2]: [2, any], flags: [unaligned, out_of_place, inv_only], prio: 96
    6: mdct_naive_inv_float_c - type: mdct_float, len: [2, ∞], factors[2]: [2, any], flags: [unaligned, out_of_place, inv_only], prio: -130976
For transform of length 60, inverse, fft_float, flags: [aligned, inplace, preshuf, asm_call], found 1 matches:
    1: fft_pfa_15xM_asm_float_avx2 - type: fft_float, len: [60, ∞], factors[2]: [15, 2], flags: [aligned, inplace, out_of_place, preshuf, asm_call], prio: 688
For transform of length 4, inverse, fft_float, flags: [aligned, inplace, preshuf, asm_call], found 1 matches:
    1: fft4_fwd_asm_float_sse2 - type: fft_float, len: 4, factor: 2, flags: [aligned, inplace, out_of_place, preshuf, asm_call], prio: 352
Transform tree:
    mdct_inv_float_avx2 - type: mdct_float, len: 120, factors[2]: [2, any], flags: [aligned, out_of_place, inv_only]
        fft_pfa_15xM_asm_float_avx2 - type: fft_float, len: 60, factors[2]: [15, 2], flags: [aligned, inplace, out_of_place, preshuf, asm_call]
            fft4_fwd_asm_float_sse2 - type: fft_float, len: 4, factor: 2, flags: [aligned, inplace, out_of_place, preshuf, asm_call]
For transform of length 128, inverse, mdct_float, flags: [aligned, out_of_place], found 3 matches:
    1: mdct_inv_float_avx2 - type: mdct_float, len: [16, ∞], factors[2]: [2, any], flags: [aligned, out_of_place, inv_only], prio: 544
    2: mdct_inv_float_c - type: mdct_float, len: [2, ∞], factors[2]: [2, any], flags: [unaligned, out_of_place, inv_only], prio: 96
    3: mdct_naive_inv_float_c - type: mdct_float, len: [2, ∞], factors[2]: [2, any], flags: [unaligned, out_of_place, inv_only], prio: -130976
For transform of length 64, inverse, fft_float, flags: [aligned, inplace, preshuf, asm_call], found 3 matches:
    1: fft_sr_asm_float_avx2 - type: fft_float, len: [64, 131072], factor: 2, flags: [aligned, inplace, out_of_place, preshuf, asm_call], prio: 480
    2: fft_sr_asm_float_fma3 - type: fft_float, len: [64, 131072], factor: 2, flags: [aligned, inplace, out_of_place, preshuf, asm_call], prio: 448
    3: fft_sr_asm_float_avx - type: fft_float, len: [64, 131072], factor: 2, flags: [aligned, inplace, out_of_place, preshuf, asm_call], prio: 416
Transform tree:
    mdct_inv_float_avx2 - type: mdct_float, len: 128, factors[2]: [2, any], flags: [aligned, out_of_place, inv_only]
        fft_sr_asm_float_avx2 - type: fft_float, len: 64, factor: 2, flags: [aligned, inplace, out_of_place, preshuf, asm_call]
For transform of length 480, inverse, mdct_float, flags: [aligned, out_of_place], found 6 matches:
    1: mdct_inv_float_avx2 - type: mdct_float, len: [16, ∞], factors[2]: [2, any], flags: [aligned, out_of_place, inv_only], prio: 544
    2: mdct_pfa_15xM_inv_float_c - type: mdct_float, len: [30, ∞], factors[2]: [15, any], flags: [unaligned, out_of_place, inv_only], prio: 304
    3: mdct_pfa_5xM_inv_float_c - type: mdct_float, len: [10, ∞], factors[2]: [5, any], flags: [unaligned, out_of_place, inv_only], prio: 144
    4: mdct_pfa_3xM_inv_float_c - type: mdct_float, len: [6, ∞], factors[2]: [3, any], flags: [unaligned, out_of_place, inv_only], prio: 112
    5: mdct_inv_float_c - type: mdct_float, len: [2, ∞], factors[2]: [2, any], flags: [unaligned, out_of_place, inv_only], prio: 96
    6: mdct_naive_inv_float_c - type: mdct_float, len: [2, ∞], factors[2]: [2, any], flags: [unaligned, out_of_place, inv_only], prio: -130976
For transform of length 240, inverse, fft_float, flags: [aligned, inplace, preshuf, asm_call], found 1 matches:
    1: fft_pfa_15xM_asm_float_avx2 - type: fft_float, len: [60, ∞], factors[2]: [15, 2], flags: [aligned, inplace, out_of_place, preshuf, asm_call], prio: 688
For transform of length 16, inverse, fft_float, flags: [aligned, inplace, preshuf, asm_call], found 2 matches:
    1: fft16_asm_float_fma3 - type: fft_float, len: 16, factor: 2, flags: [aligned, inplace, out_of_place, preshuf, asm_call], prio: 512
    2: fft16_asm_float_avx - type: fft_float, len: 16, factor: 2, flags: [aligned, inplace, out_of_place, preshuf, asm_call], prio: 480
Transform tree:
    mdct_inv_float_avx2 - type: mdct_float, len: 480, factors[2]: [2, any], flags: [aligned, out_of_place, inv_only]
        fft_pfa_15xM_asm_float_avx2 - type: fft_float, len: 240, factors[2]: [15, 2], flags: [aligned, inplace, out_of_place, preshuf, asm_call]
            fft16_asm_float_fma3 - type: fft_float, len: 16, factor: 2, flags: [aligned, inplace, out_of_place, preshuf, asm_call]
For transform of length 512, inverse, mdct_float, flags: [aligned, out_of_place], found 3 matches:
    1: mdct_inv_float_avx2 - type: mdct_float, len: [16, ∞], factors[2]: [2, any], flags: [aligned, out_of_place, inv_only], prio: 544
    2: mdct_inv_float_c - type: mdct_float, len: [2, ∞], factors[2]: [2, any], flags: [unaligned, out_of_place, inv_only], prio: 96
    3: mdct_naive_inv_float_c - type: mdct_float, len: [2, ∞], factors[2]: [2, any], flags: [unaligned, out_of_place, inv_only], prio: -130976
For transform of length 256, inverse, fft_float, flags: [aligned, inplace, preshuf, asm_call], found 3 matches:
    1: fft_sr_asm_float_avx2 - type: fft_float, len: [64, 131072], factor: 2, flags: [aligned, inplace, out_of_place, preshuf, asm_call], prio: 480
    2: fft_sr_asm_float_fma3 - type: fft_float, len: [64, 131072], factor: 2, flags: [aligned, inplace, out_of_place, preshuf, asm_call], prio: 448
    3: fft_sr_asm_float_avx - type: fft_float, len: [64, 131072], factor: 2, flags: [aligned, inplace, out_of_place, preshuf, asm_call], prio: 416
Transform tree:
    mdct_inv_float_avx2 - type: mdct_float, len: 512, factors[2]: [2, any], flags: [aligned, out_of_place, inv_only]
        fft_sr_asm_float_avx2 - type: fft_float, len: 256, factor: 2, flags: [aligned, inplace, out_of_place, preshuf, asm_call]
For transform of length 960, inverse, mdct_float, flags: [aligned, out_of_place], found 6 matches:
    1: mdct_inv_float_avx2 - type: mdct_float, len: [16, ∞], factors[2]: [2, any], flags: [aligned, out_of_place, inv_only], prio: 544
    2: mdct_pfa_15xM_inv_float_c - type: mdct_float, len: [30, ∞], factors[2]: [15, any], flags: [unaligned, out_of_place, inv_only], prio: 304
    3: mdct_pfa_5xM_inv_float_c - type: mdct_float, len: [10, ∞], factors[2]: [5, any], flags: [unaligned, out_of_place, inv_only], prio: 144
    4: mdct_pfa_3xM_inv_float_c - type: mdct_float, len: [6, ∞], factors[2]: [3, any], flags: [unaligned, out_of_place, inv_only], prio: 112
    5: mdct_inv_float_c - type: mdct_float, len: [2, ∞], factors[2]: [2, any], flags: [unaligned, out_of_place, inv_only], prio: 96
    6: mdct_naive_inv_float_c - type: mdct_float, len: [2, ∞], factors[2]: [2, any], flags: [unaligned, out_of_place, inv_only], prio: -130976
For transform of length 480, inverse, fft_float, flags: [aligned, inplace, preshuf, asm_call], found 1 matches:
    1: fft_pfa_15xM_asm_float_avx2 - type: fft_float, len: [60, ∞], factors[2]: [15, 2], flags: [aligned, inplace, out_of_place, preshuf, asm_call], prio: 688
For transform of length 32, inverse, fft_float, flags: [aligned, inplace, preshuf, asm_call], found 2 matches:
    1: fft32_asm_float_fma3 - type: fft_float, len: 32, factor: 2, flags: [aligned, inplace, out_of_place, preshuf, asm_call], prio: 512
    2: fft32_asm_float_avx - type: fft_float, len: 32, factor: 2, flags: [aligned, inplace, out_of_place, preshuf, asm_call], prio: 480
Transform tree:
    mdct_inv_float_avx2 - type: mdct_float, len: 960, factors[2]: [2, any], flags: [aligned, out_of_place, inv_only]
        fft_pfa_15xM_asm_float_avx2 - type: fft_float, len: 480, factors[2]: [15, 2], flags: [aligned, inplace, out_of_place, preshuf, asm_call]
            fft32_asm_float_fma3 - type: fft_float, len: 32, factor: 2, flags: [aligned, inplace, out_of_place, preshuf, asm_call]
For transform of length 1024, inverse, mdct_float, flags: [aligned, out_of_place], found 3 matches:
    1: mdct_inv_float_avx2 - type: mdct_float, len: [16, ∞], factors[2]: [2, any], flags: [aligned, out_of_place, inv_only], prio: 544
    2: mdct_inv_float_c - type: mdct_float, len: [2, ∞], factors[2]: [2, any], flags: [unaligned, out_of_place, inv_only], prio: 96
    3: mdct_naive_inv_float_c - type: mdct_float, len: [2, ∞], factors[2]: [2, any], flags: [unaligned, out_of_place, inv_only], prio: -130976
For transform of length 512, inverse, fft_float, flags: [aligned, inplace, preshuf, asm_call], found 3 matches:
    1: fft_sr_asm_float_avx2 - type: fft_float, len: [64, 131072], factor: 2, flags: [aligned, inplace, out_of_place, preshuf, asm_call], prio: 480
    2: fft_sr_asm_float_fma3 - type: fft_float, len: [64, 131072], factor: 2, flags: [aligned, inplace, out_of_place, preshuf, asm_call], prio: 448
    3: fft_sr_asm_float_avx - type: fft_float, len: [64, 131072], factor: 2, flags: [aligned, inplace, out_of_place, preshuf, asm_call], prio: 416
Transform tree:
    mdct_inv_float_avx2 - type: mdct_float, len: 1024, factors[2]: [2, any], flags: [aligned, out_of_place, inv_only]
        fft_sr_asm_float_avx2 - type: fft_float, len: 512, factor: 2, flags: [aligned, inplace, out_of_place, preshuf, asm_call]
For transform of length 1024, forward, mdct_float, flags: [aligned, out_of_place], found 2 matches:
    1: mdct_fwd_float_c - type: mdct_float, len: [2, ∞], factors[2]: [2, any], flags: [unaligned, out_of_place, fwd_only], prio: 96
    2: mdct_naive_fwd_float_c - type: mdct_float, len: [2, ∞], factors[2]: [2, any], flags: [unaligned, out_of_place, fwd_only], prio: -130976
For transform of length 512, forward, fft_float, flags: [aligned, inplace, preshuf], found 5 matches:
    1: fft_sr_ns_float_avx2 - type: fft_float, len: [64, 131072], factor: 2, flags: [aligned, inplace, out_of_place, preshuf], prio: 480
    2: fft_sr_ns_float_fma3 - type: fft_float, len: [64, 131072], factor: 2, flags: [aligned, inplace, out_of_place, preshuf], prio: 448
    3: fft_sr_ns_float_avx - type: fft_float, len: [64, 131072], factor: 2, flags: [aligned, inplace, out_of_place, preshuf], prio: 416
    4: fft_pfa_ns_float_c - type: fft_float, len: [6, ∞], factors[2]: [7, 5, 3, 2, any], flags: [unaligned, inplace, out_of_place, preshuf], prio: 112
    5: fft512_ns_float_c - type: fft_float, len: 512, factor: 2, flags: [unaligned, inplace, out_of_place, preshuf], prio: 96
Transform tree:
    mdct_fwd_float_c - type: mdct_float, len: 1024, factors[2]: [2, any], flags: [unaligned, out_of_place, fwd_only]
        fft_sr_ns_float_avx2 - type: fft_float, len: 512, factor: 2, flags: [aligned, inplace, out_of_place, preshuf]
[h264 @ 000001948bfa3940] nal_unit_type: 7(SPS), nal_ref_idc: 3
[h264 @ 000001948bfa3940] Decoding VUI
[h264 @ 000001948bfa3940] nal_unit_type: 8(PPS), nal_ref_idc: 3
[h264 @ 000001948bfa3940] nal_unit_type: 6(SEI), nal_ref_idc: 0
[h264 @ 000001948bfa3940] nal_unit_type: 5(IDR), nal_ref_idc: 3
[h264 @ 000001948bfa3940] Format yuv420p chosen by get_format().
[h264 @ 000001948bfa3940] Reinit context to 1280x720, pix_fmt: yuv420p
[h264 @ 000001948bfa3940] no picture 
[mov,mp4,m4a,3gp,3g2,mj2 @ 000001948bf92740] All info found
[mov,mp4,m4a,3gp,3g2,mj2 @ 000001948bf92740] After avformat_find_stream_info() pos: 11105 bytes read:217102 seeks:2 frames:3
Input #0, mov,mp4,m4a,3gp,3g2,mj2, from 'E:/MoreProject/project01/public/downloads/video/691fa409-d1eb-4587-8cee-1731d7773f3d.mp4':
  Metadata:
    major_brand     : isom
    minor_version   : 512
    compatible_brands: isomiso2avc1mp41
    encoder         : Lavf59.27.100
  Duration: 00:02:26.73, start: 0.000000, bitrate: 265 kb/s
  Stream #0:0[0x1](und), 2, 1/30000: Video: h264 (Main) (avc1 / 0x31637661), yuv420p(tv, bt709, progressive), 1280x720 [SAR 1:1 DAR 16:9], 129 kb/s, 29.97 fps, 29.97 tbr, 30k tbn (default)
    Metadata:
      handler_name    : ISO Media file produced by Google Inc.
      vendor_id       : [0][0][0][0]
  Stream #0:1[0x2](eng), 1, 1/44100: Audio: aac (LC) (mp4a / 0x6134706D), 44100 Hz, stereo, fltp, 128 kb/s (default)
    Metadata:
      handler_name    : ISO Media file produced by Google Inc.
      vendor_id       : [0][0][0][0]
Successfully opened the file.
Parsing a group of options: output url E:\MoreProject\project01\public\downloads\video\output_691fa409-d1eb-4587-8cee-1731d7773f3d.mp4.
Applying option vf (set video filters) with argument "subtitles=E\\:/MoreProject/project01/public/downloads/video/691fa409-d1eb-4587-8cee-1731d7773f3d.srt".
Applying option c:a (codec name) with argument copy.
Applying option c:v (codec name) with argument libx264.
Successfully parsed a group of options.
Opening an output file: E:\MoreProject\project01\public\downloads\video\output_691fa409-d1eb-4587-8cee-1731d7773f3d.mp4.
[file @ 000001948c260dc0] Setting default whitelist 'file,crypto,data'
Successfully opened the file.
detected 16 logical cores
[h264 @ 000001948bf9a080] nal_unit_type: 7(SPS), nal_ref_idc: 3
[h264 @ 000001948bf9a080] Decoding VUI
[h264 @ 000001948bf9a080] nal_unit_type: 8(PPS), nal_ref_idc: 3
Stream mapping:
  Stream #0:0 -> #0:0 (h264 (native) -> h264 (libx264))
  Stream #0:1 -> #0:1 (copy)
Press [q] to stop, [?] for help
[vost#0:0/libx264 @ 000001948c2605c0] cur_dts is invalid [init:0 i_done:0 finish:0] (this is harmless if it occurs once at the start per stream)
[vost#0:0/libx264 @ 000001948c2605c0] cur_dts is invalid [init:0 i_done:0 finish:0] (this is harmless if it occurs once at the start per stream)
[h264 @ 000001948bf9a080] nal_unit_type: 6(SEI), nal_ref_idc: 0
[h264 @ 000001948bf9a080] nal_unit_type: 5(IDR), nal_ref_idc: 3
[h264 @ 000001948bf9a080] Format yuv420p chosen by get_format().
[h264 @ 000001948bf9a080] Reinit context to 1280x720, pix_fmt: yuv420p
[h264 @ 000001948bf9a080] no picture 
[vost#0:0/libx264 @ 000001948c2605c0] cur_dts is invalid [init:0 i_done:0 finish:0] (this is harmless if it occurs once at the start per stream)
[vost#0:0/libx264 @ 000001948c2605c0] cur_dts is invalid [init:0 i_done:0 finish:0] (this is harmless if it occurs once at the start per stream)
[vost#0:0/libx264 @ 000001948c2605c0] cur_dts is invalid [init:0 i_done:0 finish:0] (this is harmless if it occurs once at the start per stream)
[h264 @ 000001948c25e940] nal_unit_type: 1(Coded slice of a non-IDR picture), nal_ref_idc: 2
[vost#0:0/libx264 @ 000001948c2605c0] cur_dts is invalid [init:0 i_done:0 finish:0] (this is harmless if it occurs once at the start per stream)
[vost#0:0/libx264 @ 000001948c2605c0] cur_dts is invalid [init:0 i_done:0 finish:0] (this is harmless if it occurs once at the start per stream)
[h264 @ 000001948bff5b40] nal_unit_type: 1(Coded slice of a non-IDR picture), nal_ref_idc: 0
[vost#0:0/libx264 @ 000001948c2605c0] cur_dts is invalid [init:0 i_done:0 finish:0] (this is harmless if it occurs once at the start per stream)
[vost#0:0/libx264 @ 000001948c2605c0] cur_dts is invalid [init:0 i_done:0 finish:0] (this is harmless if it occurs once at the start per stream)
[vost#0:0/libx264 @ 000001948c2605c0] cur_dts is invalid [init:0 i_done:0 finish:0] (this is harmless if it occurs once at the start per stream)
[h264 @ 000001948bff6240] nal_unit_type: 1(Coded slice of a non-IDR picture), nal_ref_idc: 0
[vost#0:0/libx264 @ 000001948c2605c0] cur_dts is invalid [init:0 i_done:0 finish:0] (this is harmless if it occurs once at the start per stream)
[vost#0:0/libx264 @ 000001948c2605c0] cur_dts is invalid [init:0 i_done:0 finish:0] (this is harmless if it occurs once at the start per stream)
[h264 @ 000001948c038700] nal_unit_type: 1(Coded slice of a non-IDR picture), nal_ref_idc: 2
[vost#0:0/libx264 @ 000001948c2605c0] cur_dts is invalid [init:0 i_done:0 finish:0] (this is harmless if it occurs once at the start per stream)
[vost#0:0/libx264 @ 000001948c2605c0] cur_dts is invalid [init:0 i_done:0 finish:0] (this is harmless if it occurs once at the start per stream)
[vost#0:0/libx264 @ 000001948c2605c0] cur_dts is invalid [init:0 i_done:0 finish:0] (this is harmless if it occurs once at the start per stream)
[h264 @ 000001948c71b2c0] nal_unit_type: 1(Coded slice of a non-IDR picture), nal_ref_idc: 0
[vost#0:0/libx264 @ 000001948c2605c0] cur_dts is invalid [init:0 i_done:0 finish:0] (this is harmless if it occurs once at the start per stream)
[vost#0:0/libx264 @ 000001948c2605c0] cur_dts is invalid [init:0 i_done:0 finish:0] (this is harmless if it occurs once at the start per stream)
[h264 @ 000001948c7d67c0] nal_unit_type: 1(Coded slice of a non-IDR picture), nal_ref_idc: 2
[vost#0:0/libx264 @ 000001948c2605c0] cur_dts is invalid [init:0 i_done:0 finish:0] (this is harmless if it occurs once at the start per stream)
[vost#0:0/libx264 @ 000001948c2605c0] cur_dts is invalid [init:0 i_done:0 finish:0] (this is harmless if it occurs once at the start per stream)
[vost#0:0/libx264 @ 000001948c2605c0] cur_dts is invalid [init:0 i_done:0 finish:0] (this is harmless if it occurs once at the start per stream)
[h264 @ 000001948c253640] nal_unit_type: 1(Coded slice of a non-IDR picture), nal_ref_idc: 2
[vost#0:0/libx264 @ 000001948c2605c0] cur_dts is invalid [init:0 i_done:0 finish:0] (this is harmless if it occurs once at the start per stream)
[vost#0:0/libx264 @ 000001948c2605c0] cur_dts is invalid [init:0 i_done:0 finish:0] (this is harmless if it occurs once at the start per stream)
[h264 @ 000001948c253d40] nal_unit_type: 1(Coded slice of a non-IDR picture), nal_ref_idc: 2
[vost#0:0/libx264 @ 000001948c2605c0] cur_dts is invalid [init:0 i_done:0 finish:0] (this is harmless if it occurs once at the start per stream)
[vost#0:0/libx264 @ 000001948c2605c0] cur_dts is invalid [init:0 i_done:0 finish:0] (this is harmless if it occurs once at the start per stream)
[h264 @ 000001948c030f00] nal_unit_type: 1(Coded slice of a non-IDR picture), nal_ref_idc: 2
[vost#0:0/libx264 @ 000001948c2605c0] cur_dts is invalid [init:0 i_done:0 finish:0] (this is harmless if it occurs once at the start per stream)
[vost#0:0/libx264 @ 000001948c2605c0] cur_dts is invalid [init:0 i_done:0 finish:0] (this is harmless if it occurs once at the start per stream)
[vost#0:0/libx264 @ 000001948c2605c0] cur_dts is invalid [init:0 i_done:0 finish:0] (this is harmless if it occurs once at the start per stream)
[h264 @ 000001948c246fc0] nal_unit_type: 1(Coded slice of a non-IDR picture), nal_ref_idc: 2
[vost#0:0/libx264 @ 000001948c2605c0] cur_dts is invalid [init:0 i_done:0 finish:0] (this is harmless if it occurs once at the start per stream)
[vost#0:0/libx264 @ 000001948c2605c0] cur_dts is invalid [init:0 i_done:0 finish:0] (this is harmless if it occurs once at the start per stream)
[h264 @ 000001948c2463c0] nal_unit_type: 1(Coded slice of a non-IDR picture), nal_ref_idc: 0
[vost#0:0/libx264 @ 000001948c2605c0] cur_dts is invalid [init:0 i_done:0 finish:0] (this is harmless if it occurs once at the start per stream)
[vost#0:0/libx264 @ 000001948c2605c0] cur_dts is invalid [init:0 i_done:0 finish:0] (this is harmless if it occurs once at the start per stream)
[vost#0:0/libx264 @ 000001948c2605c0] cur_dts is invalid [init:0 i_done:0 finish:0] (this is harmless if it occurs once at the start per stream)
[h264 @ 000001948c248bc0] nal_unit_type: 1(Coded slice of a non-IDR picture), nal_ref_idc: 2
[vost#0:0/libx264 @ 000001948c2605c0] cur_dts is invalid [init:0 i_done:0 finish:0] (this is harmless if it occurs once at the start per stream)
[vost#0:0/libx264 @ 000001948c2605c0] cur_dts is invalid [init:0 i_done:0 finish:0] (this is harmless if it occurs once at the start per stream)
[h264 @ 000001948c248fc0] nal_unit_type: 1(Coded slice of a non-IDR picture), nal_ref_idc: 2
[vost#0:0/libx264 @ 000001948c2605c0] cur_dts is invalid [init:0 i_done:0 finish:0] (this is harmless if it occurs once at the start per stream)
[vost#0:0/libx264 @ 000001948c2605c0] cur_dts is invalid [init:0 i_done:0 finish:0] (this is harmless if it occurs once at the start per stream)
[vost#0:0/libx264 @ 000001948c2605c0] cur_dts is invalid [init:0 i_done:0 finish:0] (this is harmless if it occurs once at the start per stream)
[h264 @ 000001948c2473c0] nal_unit_type: 1(Coded slice of a non-IDR picture), nal_ref_idc: 0
[vost#0:0/libx264 @ 000001948c2605c0] cur_dts is invalid [init:0 i_done:0 finish:0] (this is harmless if it occurs once at the start per stream)
[vost#0:0/libx264 @ 000001948c2605c0] cur_dts is invalid [init:0 i_done:0 finish:0] (this is harmless if it occurs once at the start per stream)
[h264 @ 000001948c245bc0] nal_unit_type: 1(Coded slice of a non-IDR picture), nal_ref_idc: 0
[h264 @ 000001948bf9a080] nal_unit_type: 1(Coded slice of a non-IDR picture), nal_ref_idc: 2
[AVFilterGraph @ 000001948f68cd80] No option name near 'E\:/MoreProject/project01/public/downloads/video/691fa409-d1eb-4587-8cee-1731d7773f3d.srt"'
[AVFilterGraph @ 000001948f68cd80] Error parsing a filter description around: 
[AVFilterGraph @ 000001948f68cd80] Error parsing filterchain '"subtitles=E\\:/MoreProject/project01/public/downloads/video/691fa409-d1eb-4587-8cee-1731d7773f3d.srt"' around: 
Error reinitializing filters!
Failed to inject frame into filter network: Invalid argument
Error while processing the decoded data for stream #0:0
[AVIOContext @ 000001948bf99f40] Statistics: 0 bytes written, 0 seeks, 0 writeouts
Terminating demuxer thread 0
[AVIOContext @ 000001948bf9af00] Statistics: 315406 bytes read, 2 seeks
Conversion failed!
